<?xml version="1.0" encoding="UTF-8"?>
<!-- Generated by org.testng.reporters.JUnitXMLReporter -->
<testsuite ignored="0" hostname="DESKTOP-N6MAURJ" failures="0" tests="4" name="Test" time="21.409" errors="0" timestamp="2023-05-15T19:49:19 CEST">
  <testcase classname="testCases_Vedantu.TC_ClassDropDown" name="validatingLKG" time="2.783"/>
  <testcase classname="testCases_Vedantu.TC_ClassDropDown" name="validatingUKG" time="2.916"/>
  <testcase classname="testCases_Vedantu.TC_ClassDropDown" name="validatingClass1" time="2.801"/>
  <testcase classname="testCases_Vedantu.TC_ClassDropDown" name="validatingClass8To10" time="2.738"/>
</testsuite> <!-- Test -->
