<?xml version="1.0" encoding="UTF-8"?>
<testng-results ignored="0" total="1" passed="1" failed="0" skipped="0">
  <reporter-output>
  </reporter-output>
  <suite started-at="2023-05-17T14:32:20 CEST" name="Default suite" finished-at="2023-05-17T14:32:28 CEST" duration-ms="7864">
    <groups>
    </groups>
    <test started-at="2023-05-17T14:32:20 CEST" name="Default test" finished-at="2023-05-17T14:32:28 CEST" duration-ms="7864">
      <class name="testCases_Vedantu.TC_MobField">
        <test-method is-config="true" signature="LaunchingSite()[pri:0, instance:testCases_Vedantu.TC_MobField@18df8434]" started-at="2023-05-17T14:32:20 CEST" name="LaunchingSite" finished-at="2023-05-17T14:32:24 CEST" duration-ms="4777" status="PASS">
          <reporter-output>
          </reporter-output>
        </test-method> <!-- LaunchingSite -->
        <test-method is-config="true" signature="scrollIntoView()[pri:0, instance:testCases_Vedantu.TC_MobField@18df8434]" started-at="2023-05-17T14:32:24 CEST" name="scrollIntoView" finished-at="2023-05-17T14:32:25 CEST" duration-ms="246" status="PASS">
          <reporter-output>
          </reporter-output>
        </test-method> <!-- scrollIntoView -->
        <test-method signature="validatingMobField()[pri:0, instance:testCases_Vedantu.TC_MobField@18df8434]" started-at="2023-05-17T14:32:25 CEST" name="validatingMobField" finished-at="2023-05-17T14:32:27 CEST" duration-ms="2039" status="PASS">
          <reporter-output>
          </reporter-output>
        </test-method> <!-- validatingMobField -->
        <test-method is-config="true" signature="afterClass()[pri:0, instance:testCases_Vedantu.TC_MobField@18df8434]" started-at="2023-05-17T14:32:27 CEST" name="afterClass" finished-at="2023-05-17T14:32:28 CEST" duration-ms="754" status="PASS">
          <reporter-output>
          </reporter-output>
        </test-method> <!-- afterClass -->
      </class> <!-- testCases_Vedantu.TC_MobField -->
    </test> <!-- Default test -->
  </suite> <!-- Default suite -->
</testng-results>
